{"phase": "phase-0", "transitions": "init: devflow initialized", "timestamp": "2026-05-07T06:25:48.196627"}
{"phase": "phase-1", "transitions": "transition: phase-0 â†’ phase-1 at 2026-05-07T06:25:49.332858", "timestamp": "2026-05-07T06:25:49.333259"}
{"phase": "phase-3", "transitions": "transition: phase-2 â†’ phase-3 at 2026-05-07T06:47:03.565454", "timestamp": "2026-05-07T06:47:04.335255"}
{"phase": "phase-4", "transitions": "transition: phase-3 â†’ phase-4 at 2026-05-07T06:49:03.614805", "timestamp": "2026-05-07T06:49:04.305206"}
{"phase": "phase-5", "transitions": "transition: phase-4 â†’ phase-5 at 2026-05-07T18:05:02.894178", "timestamp": "2026-05-07T18:05:03.496887"}
{"phase": "phase-4", "transitions": "restart: new dev cycle for frontend UX optimization", "timestamp": "2026-05-07T18:15:00.000000"}
{"phase": "phase-1", "transitions": "transition: phase-4 â†’ phase-1 at 2026-05-07T19:24:46.031383", "timestamp": "2026-05-07T19:24:46.639457"}
{"phase": "phase-5", "transitions": "transition: phase-4 â†’ phase-5 at 2026-05-07T22:50:35.751878", "timestamp": "2026-05-07T22:50:36.492882"}
{"phase": "phase-1", "transitions": "transition: phase-5 â†’ phase-1 at 2026-05-07T22:56:54.919667", "timestamp": "2026-05-07T22:56:55.663003"}
{"phase": "sync", "transitions": "tools: beads=ok, gitnexus=ok, autoresearch=ok, superpowers=ok", "timestamp": "2026-05-07T23:00:30.701054"}
{"phase": "phase-2", "transitions": "manual: phase-1 ˇú phase-2 for Tasks-Agent binding feature", "timestamp": "2026-05-07T23:00:00.000000"}
{"phase": "phase-3", "transitions": "transition: phase-2 â†’ phase-3 at 2026-05-07T23:02:14.821161", "timestamp": "2026-05-07T23:02:15.570660"}
{"phase": "phase-0", "transitions": "init: devflow initialized", "timestamp": "2026-05-07T23:02:29.460166"}
{"phase": "phase-4", "transitions": "transition: phase-0 â†’ phase-4 at 2026-05-07T23:02:45.989918", "timestamp": "2026-05-07T23:02:46.711367"}
{"phase": "phase-1", "transitions": "transition: phase-4 â†’ phase-1 at 2026-05-07T23:20:59.607356", "timestamp": "2026-05-07T23:21:00.630442"}
{"phase": "phase-0", "transitions": "init: devflow initialized", "timestamp": "2026-05-08T14:30:26.065492"}
{"phase": "phase-1", "transitions": "transition: phase-0 â†’ phase-1 at 2026-05-08T14:30:33.063154", "timestamp": "2026-05-08T14:30:33.786707"}
{"phase": "phase-2", "transitions": "transition: phase-1 â†’ phase-2 at 2026-05-08T14:48:20.489948", "timestamp": "2026-05-08T14:48:21.195142"}
{"phase": "phase-3", "transitions": "transition: phase-2 â†’ phase-3 at 2026-05-08T14:48:31.374755", "timestamp": "2026-05-08T14:48:32.052910"}
{"phase": "phase-4", "transitions": "transition: phase-3 â†’ phase-4 at 2026-05-08T14:49:01.551888", "timestamp": "2026-05-08T14:49:02.174903"}
{"phase": "phase-5", "transitions": "transition: phase-4 â†’ phase-5 at 2026-05-08T14:49:21.019766", "timestamp": "2026-05-08T14:49:21.660708"}
